<?xml version="1.0" encoding="UTF-8"?>
<!-- Generated by org.testng.reporters.JUnitReportReporter -->
<testsuite hostname="DESKTOP-20DIANQ" failures="0" tests="1" name="Test.SporticoPRODFullHappyScenarioTest" time="7.218" errors="1" timestamp="2023-12-15T05:03:02 EET" skipped="0">
  <testcase classname="Test.SporticoPRODFullHappyScenarioTest" name="ShouldBeAbleToExecuteFullHappyPathScenario" time="7.218">
    <error message="Environment is not supported" type="java.lang.RuntimeException">
      <![CDATA[java.lang.RuntimeException: Environment is not supported
at Utls.SporticoConfigUtilsProd.<init>(SporticoConfigUtilsProd.java:19)
at Utls.SporticoConfigUtilsProd.getInstance(SporticoConfigUtilsProd.java:28)
at pages.SporticoLoginPRODPage.loadSporticoPROD(SporticoLoginPRODPage.java:76)
at Test.SporticoPRODFullHappyScenarioTest.ShouldBeAbleToExecuteFullHappyPathScenario(SporticoPRODFullHappyScenarioTest.java:91)
at java.base/jdk.internal.reflect.DirectMethodHandleAccessor.invoke(DirectMethodHandleAccessor.java:103)
at java.base/java.lang.reflect.Method.invoke(Method.java:580)
at org.testng.internal.invokers.MethodInvocationHelper.invokeMethod(MethodInvocationHelper.java:139)
at org.testng.internal.invokers.TestInvoker.invokeMethod(TestInvoker.java:677)
at org.testng.internal.invokers.TestInvoker.invokeTestMethod(TestInvoker.java:221)
at org.testng.internal.invokers.MethodRunner.runInSequence(MethodRunner.java:50)
at org.testng.internal.invokers.TestInvoker$MethodInvocationAgent.invoke(TestInvoker.java:969)
at org.testng.internal.invokers.TestInvoker.invokeTestMethods(TestInvoker.java:194)
at org.testng.internal.invokers.TestMethodWorker.invokeTestMethods(TestMethodWorker.java:148)
at org.testng.internal.invokers.TestMethodWorker.run(TestMethodWorker.java:128)
at java.base/java.util.concurrent.ThreadPoolExecutor.runWorker(ThreadPoolExecutor.java:1144)
at java.base/java.util.concurrent.ThreadPoolExecutor$Worker.run(ThreadPoolExecutor.java:642)
at java.base/java.lang.Thread.run(Thread.java:1583)
]]>
    </error>
  </testcase> <!-- ShouldBeAbleToExecuteFullHappyPathScenario -->
  <system-out/>
</testsuite> <!-- Test.SporticoPRODFullHappyScenarioTest -->
