<?xml version="1.0" encoding="UTF-8"?>
<!-- Generated by org.testng.reporters.JUnitReportReporter -->
<testsuite hostname="DESKTOP-20DIANQ" failures="0" tests="2" name="Test.FullHappyScenarioTest" time="63.380" errors="0" timestamp="2023-12-13T23:29:42 EET" skipped="1">
  <testcase classname="Test.FullHappyScenarioTest" name="ShouldBeAbleToExecuteFullHappyPathScenario" time="63.380"/>
  <system-out/>
  <testcase classname="Test.FullHappyScenarioTest" name="ShouldBeAbleToCreateFromScratchEvent">
    <skipped/>
  </testcase> <!-- ShouldBeAbleToCreateFromScratchEvent -->
  <system-out/>
</testsuite> <!-- Test.FullHappyScenarioTest -->
